2020-10-08 16:14:48,485 [      0]   INFO -        #com.intellij.idea.Main - ------------------------------------------------------ IDE STARTED ------------------------------------------------------ 
2020-10-08 16:14:48,940 [    455]   INFO -        #com.intellij.idea.Main - JNA library (64-bit) loaded in 447 ms 
2020-10-08 16:14:48,942 [    457]   INFO - ntellij.idea.ApplicationLoader - CPU cores: 12; ForkJoinPool.commonPool: java.util.concurrent.ForkJoinPool@31f80a29[Running, parallelism = 12, size = 0, active = 0, running = 0, steals = 0, tasks = 0, submissions = 0]; factory: com.intellij.concurrency.IdeaForkJoinWorkerThreadFactory@7fbb6dca 
2020-10-08 16:14:48,975 [    490]   INFO -        #com.intellij.idea.Main - IDE: IntelliJ IDEA (build #IC-193.5233.102, 28 Nov 2019 06:47) 
2020-10-08 16:14:48,975 [    490]   INFO -        #com.intellij.idea.Main - OS: Mac OS X (10.15.6, x86_64) 
2020-10-08 16:14:48,975 [    490]   INFO -        #com.intellij.idea.Main - JRE: 11.0.4+10-b520.11 (JetBrains s.r.o) 
2020-10-08 16:14:48,975 [    490]   INFO -        #com.intellij.idea.Main - JVM: 11.0.4+10-b520.11 (OpenJDK 64-Bit Server VM) 
2020-10-08 16:14:48,975 [    490]   INFO -        #com.intellij.idea.Main - JVM Args: -Dapple.awt.fileDialogForDirectories=true -Dapple.laf.useScreenMenuBar=true -Didea.classpath.index.enabled=false -Didea.config.path=/Users/barry/Code/plugin/JsonBeanGenerator/build/idea-sandbox/config -Didea.is.internal=true -Didea.platform.prefix=Idea -Didea.plugins.path=/Users/barry/Code/plugin/JsonBeanGenerator/build/idea-sandbox/plugins -Didea.required.plugins.id=org.awesome.JsonBeanGenerator -Didea.smooth.progress=false -Didea.system.path=/Users/barry/Code/plugin/JsonBeanGenerator/build/idea-sandbox/system -Xms256m -Xmx512m -Dfile.encoding=UTF-8 -Duser.country=CN -Duser.language=zh -Duser.variant -ea 
2020-10-08 16:14:48,975 [    490]   INFO -        #com.intellij.idea.Main - charsets: JNU=UTF-8 file=UTF-8 
2020-10-08 16:14:49,226 [    741]   INFO - llij.ide.plugins.PluginManager - Plugin "Groovy" misses optional descriptor duplicates-groovy.xml 
2020-10-08 16:14:49,227 [    742]   INFO - llij.ide.plugins.PluginManager - Plugin "Groovy" misses optional descriptor duplicates-detection-groovy.xml 
2020-10-08 16:14:49,299 [    814]   INFO - llij.ide.plugins.PluginManager - Plugin "Java" misses optional descriptor profiler-java.xml 
2020-10-08 16:14:49,375 [    890]   INFO - llij.ide.plugins.PluginManager - Loaded bundled plugins: Android Support (10.3.5), Ant (193.5233.102), Bytecode Viewer (193.5233.102), ChangeReminder (193.5233.102), Configuration Script (193.5233.102), Copyright (193.5233.102), Coverage (193.5233.102), Eclipse Interoperability (193.5233.102), EditorConfig (193.5233.102), Git (193.5233.102), GitHub (193.5233.102), Gradle (193.5233.102), Gradle-Java (193.5233.102), Gradle-Maven (193.5233.102), Groovy (193.5233.102), IDEA CORE (193.5233.102), IntelliLang (193.5233.102), JUnit (193.5233.102), Java (193.5233.102), Java Bytecode Decompiler (193.5233.102), Java IDE Customization (193.5233.102), Java Internationalization (193.5233.102), Java Stream Debugger (193.5233.102), JavaFX (193.5233.102), Kotlin (1.3.60-release-IJ2019.3-1), Machine Learning Code Completion (193.5233.102), Markdown (193.5233.102), Maven (193.5233.102), Mercurial (193.5233.102), Plugin DevKit (193.5233.102), Properties (193.5233.102), Settings Repository (193.5233.102), Shell Script (193.5233.102), Smali Support (193.5233.102), Subversion (193.5233.102), Task Management (193.5233.102), Terminal (193.5233.102), TestNG (193.5233.102), TextMate bundles (193.5233.102), UI Designer (193.5233.102), XPathView + XSLT (193.5233.102), XSLT Debugger (193.5233.102), YAML (193.5233.102) 
2020-10-08 16:14:49,375 [    890]   INFO - llij.ide.plugins.PluginManager - Loaded custom plugins: JsonBeanGenerator (1.0.1-SNAPSHOT) 
2020-10-08 16:14:49,817 [   1332]   INFO - ellij.util.io.PagedFileStorage - lower=100; upper=492; buffer=10; max=492 
2020-10-08 16:14:49,836 [   1351]   INFO - fs.newvfs.persistent.FSRecords - Marking VFS as corrupted: '/Users/barry/Code/plugin/JsonBeanGenerator/build/idea-sandbox/system/caches/names.dat' does not exist 
2020-10-08 16:14:49,900 [   1415]   INFO - rains.ide.BuiltInServerManager - built-in server started, port 63344 
2020-10-08 16:14:49,906 [   1421]   INFO - pl.local.NativeFileWatcherImpl - Native file watcher is disabled 
2020-10-08 16:14:50,007 [   1522]   INFO - til.net.ssl.CertificateManager - Default SSL context initialized 
2020-10-08 16:14:50,008 [   1523]   INFO - stubs.SerializationManagerImpl - Name storage is repaired 
2020-10-08 16:14:50,221 [   1736]   INFO - ij.psi.stubs.StubUpdatingIndex - Following new file types will be indexed:XML,DGM,Kotlin,CLASS,KNM,Groovy,Properties,kotlin_builtins,JAVA,Markdown,HTML,KJSM 
2020-10-08 16:14:50,410 [   1925]   INFO - il.indexing.FileBasedIndexImpl - Indices to be rebuilt after corruption:FrameworkDetectionIndex,TodoIndex,IdIndex,FilenameIndex,filetypes,Stubs,Trigram.Index,fileIncludes,DomFileIndex,RelaxSymbolIndex,XmlTagNames,XmlNamespaces,html5.custom.attributes.index,SchemaTypeInheritance,json.file.root.values,ImageFileInfoIndex,bytecodeAnalysis,java.auto.module.name,java.null.method.argument,java.simple.property,java.fun.expression,java.binary.plus.expression,RefQueueIndex,xmlProperties,ant-imports,XsltSymbolIndex,GroovyDslFileIndex,groovy.trait.fields,groovy.trait.methods,FormClassIndex,IdeaPluginRegistrationIndex,PluginIdModuleIndex,PluginIdDependenciesIndex,devkit.ExtensionPointIndex,editorconfig.index.name,org.jetbrains.kotlin.idea.versions.KotlinJvmMetadataVersionIndex,org.jetbrains.kotlin.idea.versions.KotlinJsMetadataVersionIndex,org.jetbrains.kotlin.idea.vfilefinder.KotlinClassFileIndex,org.jetbrains.kotlin.idea.vfilefinder.KotlinJavaScriptMetaFileIndex,org.jetbrains.kotlin.idea.vfilefinder.KotlinMetadataFileIndex,org.jetbrains.kotlin.idea.vfilefinder.KotlinMetadataFilePackageIndex,org.jetbrains.kotlin.idea.vfilefinder.KotlinModuleMappingIndex,org.jetbrains.kotlin.idea.vfilefinder.KotlinPackageSourcesMemberNamesIndex,org.jetbrains.kotlin.idea.vfilefinder.KotlinJvmModuleAnnotationsIndex,org.jetbrains.kotlin.ide.konan.index.KotlinNativeMetaFileIndex,DataBindingXmlIndex,JavaFxControllerClassIndex,javafx.id.name,javafx.custom.component,yaml.keys.name 
2020-10-08 16:14:50,415 [   1930]   INFO - pl$FileIndexDataInitialization - Initialization done: 599 
2020-10-08 16:14:50,541 [   2056]   INFO - tellij.psi.stubs.StubIndexImpl - Following stub indices will be built:dom.namespaceKey,dom.elementClass,java.annotations,java.class.extlist,java.field.name,java.method.name,jvm.static.member.name,jvm.static.member.type,java.anonymous.baseref,java.method.parameter.types,java.class.shortname,java.class.fqn,java.module.name,properties.index,gr.class.fqn,gr.script.fqn,gr.field.name,gr.method.name,gr.annot.method.name,gr.annot.members,gr.script.class,gr.class.super,gr.anonymous.class,markdown.header,org.jetbrains.kotlin.idea.stubindex.KotlinExactPackagesIndex,org.jetbrains.kotlin.idea.stubindex.KotlinTopLevelClassByPackageIndex,org.jetbrains.kotlin.idea.stubindex.KotlinTopLevelFunctionByPackageIndex,org.jetbrains.kotlin.idea.stubindex.KotlinTopLevelPropertyByPackageIndex,org.jetbrains.kotlin.idea.stubindex.KotlinTopLevelTypeAliasByPackageIndex,org.jetbrains.kotlin.idea.stubindex.KotlinClassShortNameIndex,org.jetbrains.kotlin.idea.stubindex.KotlinFullClassNameIndex,org.jetbrains.kotlin.idea.stubindex.KotlinPropertyShortNameIndex,org.jetbrains.kotlin.idea.stubindex.KotlinFunctionShortNameIndex,org.jetbrains.kotlin.idea.stubindex.KotlinTypeAliasShortNameIndex,org.jetbrains.kotlin.idea.stubindex.KotlinSuperClassIndex,org.jetbrains.kotlin.idea.stubindex.KotlinTopLevelFunctionFqnNameIndex,org.jetbrains.kotlin.idea.stubindex.KotlinTopLevelPropertyFqnNameIndex,org.jetbrains.kotlin.idea.stubindex.KotlinTopLevelTypeAliasFqNameIndex,org.jetbrains.kotlin.idea.stubindex.KotlinTopLevelExtensionsByReceiverTypeIndex,org.jetbrains.kotlin.idea.stubindex.KotlinAnnotationsIndex,org.jetbrains.kotlin.idea.stubindex.KotlinProbablyNothingFunctionShortNameIndex,org.jetbrains.kotlin.idea.stubindex.KotlinProbablyNothingPropertyShortNameIndex,org.jetbrains.kotlin.idea.stubindex.KotlinProbablyContractedFunctionShortNameIndex,org.jetbrains.kotlin.idea.stubindex.KotlinFileFacadeFqNameIndex,org.jetbrains.kotlin.idea.stubindex.KotlinFilePartClassIndex,org.jetbrains.kotlin.idea.stubindex.KotlinFileFacadeClassByPackageIndex,org.jetbrains.kotlin.idea.stubindex.KotlinFileFacadeShortNameIndex,org.jetbrains.kotlin.idea.stubindex.KotlinMultifileClassPartIndex,org.jetbrains.kotlin.idea.stubindex.KotlinScriptFqnIndex,org.jetbrains.kotlin.idea.stubindex.KotlinTypeAliasByExpansionShortNameIndex,org.jetbrains.kotlin.idea.stubindex.KotlinOverridableInternalMembersShortNameIndex 
2020-10-08 16:14:50,541 [   2056]   INFO - exImpl$StubIndexInitialization - Initialization done: 126 
2020-10-08 16:14:50,890 [   2405]   WARN - ConfigurableExtensionPointUtil - ignore deprecated groupId: language for id: preferences.language.Kotlin.scripting 
2020-10-08 16:14:51,096 [   2611]   INFO - pi.util.registry.RegistryValue - Registry value 'java.completion.argument.hints' has changed to 'false' 
2020-10-08 16:14:51,096 [   2611]   INFO - pi.util.registry.RegistryValue - Registry value 'java.completion.argument.hints.internal' has changed to 'false' 
2020-10-08 16:14:52,310 [   3825]   INFO - CompilerWorkspaceConfiguration - Available processors: 12 
2020-10-08 16:14:53,876 [   5391]   INFO - com.intellij.ide.ui.UISettings - Loaded: fontSize=12, fontScale=1.0; restored: fontSize=12, fontScale=1.0 
2020-10-08 16:14:57,226 [   8741]   INFO - j.ide.plugins.RepositoryHelper - using cached plugin list (updated at 2020/10/8 下午4:14) 
2020-10-08 16:14:57,226 [   8741]   INFO - j.ide.plugins.RepositoryHelper - using cached plugin list (updated at 2020/10/8 下午4:14) 
2020-10-08 16:14:58,053 [   9568]   INFO - leScriptDefinitionsContributor - [kts] error loading gradle script templates: Project 'Default (Template) Project' isn't linked with Gradle 
2020-10-08 16:14:58,061 [   9576]   INFO - leScriptDefinitionsContributor - [kts] error loading gradle script templates: Project 'Default (Template) Project' isn't linked with Gradle 
2020-10-08 16:14:58,061 [   9576]   INFO - leScriptDefinitionsContributor - [kts] error loading gradle script templates: Project 'Default (Template) Project' isn't linked with Gradle 
2020-10-08 16:14:59,034 [  10549]   INFO -   #com.intellij.util.Restarter - not supported: not a bundle: /Users/barry/.gradle/caches/modules-2/files-2.1/com.jetbrains.intellij.idea/ideaIC/2019.3/5a74bbe98a814d61e6069abd0902b46668f1278c/ideaIC-2019.3 
2020-10-08 16:15:00,486 [  12001]   INFO - Types.impl.FileTypeManagerImpl - 0 auto-detected files. Detection took 0 ms 
2020-10-08 16:15:00,739 [  12254]   INFO - org.jetbrains.io.BuiltInServer - web server stopped 
2020-10-08 16:15:00,739 [  12254]   INFO - il.indexing.FileBasedIndexImpl - START INDEX SHUTDOWN 
2020-10-08 16:15:00,765 [  12280]   INFO - il.indexing.FileBasedIndexImpl - END INDEX SHUTDOWN 
2020-10-08 16:15:00,765 [  12280]   INFO - newvfs.persistent.PersistentFS - VFS dispose started 
2020-10-08 16:15:00,771 [  12286]   INFO - newvfs.persistent.PersistentFS - VFS dispose completed 
2020-10-08 16:15:00,771 [  12286]   INFO - stubs.SerializationManagerImpl - START StubSerializationManager SHUTDOWN 
2020-10-08 16:15:00,772 [  12287]   INFO - stubs.SerializationManagerImpl - END StubSerializationManager SHUTDOWN 
2020-10-08 16:15:00,773 [  12288]   INFO - plication.impl.ApplicationImpl - Write action Statistics:
Event number:     0
Total time spent: 0ms
Average duration: 0ms
Median  duration: 0ms
Max     duration: 0ms (it was 'null') 
2020-10-08 16:15:00,773 [  12288]   INFO - plication.impl.ApplicationImpl - AnAction.update() Statistics:
Event number:     0
Total time spent: 0ms
Average duration: 0ms
Median  duration: 0ms
Max     duration: 0ms (it was 'null') 
2020-10-08 16:15:00,773 [  12288]   INFO - plication.impl.ApplicationImpl - Global instance threads created counter = 14; ProcessIOExecutorService threads: 0 
2020-10-08 16:15:00,774 [  12289]   INFO -        #com.intellij.idea.Main - ------------------------------------------------------ IDE SHUTDOWN ------------------------------------------------------ 
2020-10-08 16:15:00,775 [  12290]   INFO - org.jetbrains.io.BuiltInServer - web server stopped 
